<?xml version="1.0" encoding="UTF-8"?>
<!-- Generated by org.testng.reporters.JUnitReportReporter -->
<testsuite hostname="DESKTOP-I3608FR" failures="0" tests="1" name="testCases.settingsTC" time="59.935" errors="0" timestamp="2024-04-22T13:55:06 IST" skipped="0">
  <testcase classname="testCases.settingsTC" name="companyModule" time="59.935"/>
</testsuite> <!-- testCases.settingsTC -->
