<?xml version="1.0" encoding="UTF-8"?>
<!-- Generated by org.testng.reporters.JUnitReportReporter -->
<testsuite hostname="DESKTOP-I3608FR" failures="0" tests="1" name="testCases.CompanyTC" time="9.339" errors="0" timestamp="2024-04-12T14:46:58 IST" skipped="0">
  <testcase classname="testCases.CompanyTC" name="companyModule" time="9.339"/>
</testsuite> <!-- testCases.CompanyTC -->
