<?xml version="1.0" encoding="UTF-8"?>
<!-- Generated by org.testng.reporters.JUnitReportReporter -->
<testsuite hostname="DESKTOP-I3608FR" failures="0" tests="1" name="testCases.LoginTC" time="11.749" errors="0" timestamp="2024-02-29T13:47:31 IST" skipped="0">
  <testcase classname="testCases.LoginTC" name="login" time="11.749"/>
</testsuite> <!-- testCases.LoginTC -->
